<?xml version="1.0" encoding="UTF-8"?>
<!-- Generated by org.testng.reporters.JUnitXMLReporter -->
<testsuite hostname="nltc291" ignored="0" name="Regression Testsuite" tests="4" failures="0" timestamp="05 Dec 2019 05:20:28 GMT" time="0.04" errors="0">
  <testcase name="testbikea" time="0.008" classname="com.nopcommerce.TestMaven1.TestNG_Grouping"/>
  <testcase name="testbikeb" time="0.0" classname="com.nopcommerce.TestMaven1.TestNG_Grouping"/>
  <testcase name="testcaraudi" time="0.0" classname="com.nopcommerce.TestMaven1.TestNG_Grouping"/>
  <testcase name="testcarnisa" time="0.001" classname="com.nopcommerce.TestMaven1.TestNG_Grouping"/>
</testsuite> <!-- Regression Testsuite -->
